2020-06-20 11:05:07,361 - BrowserEngine - INFO - You had select Chrome browser.
2020-06-20 11:05:07,361 - BrowserEngine - INFO - The test server url is: http://web.test.lemobar.cn/admin/index.html#/
2020-06-20 11:05:10,020 - BrowserEngine - INFO - Starting Chrome browser.
2020-06-20 11:05:24,613 - BrowserEngine - INFO - Open url: http://web.test.lemobar.cn/admin/index.html#/
2020-06-20 11:05:25,759 - BrowserEngine - INFO - Maximize the current window.
2020-06-20 11:05:25,762 - BrowserEngine - INFO - Set implicitly wait 10 seconds.
2020-06-20 11:05:25,791 - BasePage - INFO - Had find the element '  ' successful by xpath via value: //*[@id='app']/section/div[2]/div/form/div[2]/div/div/input
2020-06-20 11:05:25,871 - BasePage - INFO - Had type ' wangzm ' in inputBox
2020-06-20 11:05:25,897 - BasePage - INFO - Had find the element '  ' successful by xpath via value: //*[@id='app']/section/div[2]/div/form/div[3]/div/div/input
2020-06-20 11:05:26,086 - BasePage - INFO - Had type ' a645765783 ' in inputBox
2020-06-20 11:05:46,086 - BasePage - INFO - Sleep for 20 seconds
2020-06-20 11:05:46,112 - BasePage - INFO - Had find the element ' 登 录 ' successful by xpath via value: //*[@id='app']/section/div[2]/div/form/div[7]/div/div/button
2020-06-20 11:05:46,200 - BasePage - INFO - The element ' 登 录 ' was clicked.
2020-06-20 11:05:56,201 - BasePage - INFO - Sleep for 10 seconds
2020-06-20 11:05:56,666 - BasePage - INFO - Had take screenshot and save to folder: /screenshots
2020-06-20 11:05:56,672 - BasePage - INFO - Current page title is 乐摩吧数据中心管理系统
2020-06-20 11:05:56,702 - BasePage - INFO - Had find the element ' 网点设备 ' successful by xpath via value: //ul[@class='el-menu-vertical-demo el-menu']/li[1]
2020-06-20 11:05:56,848 - BasePage - INFO - The element ' 网点设备 ' was clicked.
2020-06-20 11:05:59,848 - BasePage - INFO - Sleep for 3 seconds
2020-06-20 11:05:59,905 - BasePage - INFO - Had find the element ' 网点管理 ' successful by xpath via value: //span[text()='网点管理']
2020-06-20 11:06:00,198 - BasePage - INFO - The element ' 网点管理 ' was clicked.
2020-06-20 11:06:03,198 - BasePage - INFO - Sleep for 3 seconds
2020-06-20 11:06:03,683 - BasePage - INFO - Had take screenshot and save to folder: /screenshots
2020-06-20 11:06:03,683 - BrowserEngine - INFO - Now, Close and quit the browser.
